version https://git-lfs.github.com/spec/v1
oid sha256:d74d496c3221e2bf2e8beda1e07a9db805ae14a21966d7696ac21a37706b48f5
size 35564
