version https://git-lfs.github.com/spec/v1
oid sha256:c0d4fb9aef3d4184c62153ce315ee107ac6a57671336f95660999f2634eedca1
size 35565
